app/build/intermediates/manifest_merge_blame_file/debug/manifest-merger-blame-debug-report.txt
1<?xml version="1.0" encoding="utf-8"?>
2<manifest xmlns:android="http://schemas.android.com/apk/res/android"
3    package="ca.yorku.eecs.mack.Project4443"
4    android:versionCode="1"
5    android:versionName="1.0" >
6
7    <uses-sdk
8        android:minSdkVersion="28"
8-->src\main\AndroidManifest.xml
9        android:targetSdkVersion="33" />
9-->src\main\AndroidManifest.xml
10
11    <uses-permission android:name="android.permission.VIBRATE" />
11-->src\main\AndroidManifest.xml:6:5-66
11-->src\main\AndroidManifest.xml:6:22-63
12
13    <application
13-->src\main\AndroidManifest.xml:8:5-43:19
14        android:allowBackup="false"
14-->src\main\AndroidManifest.xml:9:9-36
15        android:debuggable="true"
16        android:extractNativeLibs="false"
17        android:icon="@mipmap/ic_launcher"
17-->src\main\AndroidManifest.xml:10:9-43
18        android:label="@string/app_name"
18-->src\main\AndroidManifest.xml:11:9-41
19        android:testOnly="true"
20        android:theme="@android:style/Theme.Holo" >
20-->src\main\AndroidManifest.xml:12:9-50
21        <activity
21-->src\main\AndroidManifest.xml:13:9-22:20
22            android:name="ca.yorku.eecs.mack.Project4443.MainActivity"
22-->src\main\AndroidManifest.xml:14:13-71
23            android:exported="true"
23-->src\main\AndroidManifest.xml:16:13-36
24            android:label="@string/app_name" >
24-->src\main\AndroidManifest.xml:15:13-45
25            <intent-filter>
25-->src\main\AndroidManifest.xml:17:13-21:29
26                <action android:name="android.intent.action.MAIN" />
26-->src\main\AndroidManifest.xml:18:17-69
26-->src\main\AndroidManifest.xml:18:25-66
27                <action android:name="android.intent.action.VIEW" />
27-->src\main\AndroidManifest.xml:19:17-69
27-->src\main\AndroidManifest.xml:19:25-66
28
29                <category android:name="android.intent.category.LAUNCHER" />
29-->src\main\AndroidManifest.xml:20:17-77
29-->src\main\AndroidManifest.xml:20:27-74
30            </intent-filter>
31        </activity>
32        <activity
32-->src\main\AndroidManifest.xml:23:9-26:20
33            android:name="ca.yorku.eecs.mack.Project4443.FlashCardActivity"
33-->src\main\AndroidManifest.xml:24:13-76
34            android:label="@string/app_name" >
34-->src\main\AndroidManifest.xml:25:13-45
35        </activity>
36        <activity
36-->src\main\AndroidManifest.xml:27:9-30:20
37            android:name="ca.yorku.eecs.mack.Project4443.QuizActivity"
37-->src\main\AndroidManifest.xml:28:13-71
38            android:label="@string/app_name" >
38-->src\main\AndroidManifest.xml:29:13-45
39        </activity>
40        <activity
40-->src\main\AndroidManifest.xml:31:9-34:20
41            android:name="ca.yorku.eecs.mack.Project4443.SettingsActivity"
41-->src\main\AndroidManifest.xml:32:13-75
42            android:label="@string/app_name" >
42-->src\main\AndroidManifest.xml:33:13-45
43        </activity>
44        <activity
44-->src\main\AndroidManifest.xml:35:9-38:20
45            android:name="ca.yorku.eecs.mack.Project4443.AddCard"
45-->src\main\AndroidManifest.xml:36:13-66
46            android:label="@string/app_name" >
46-->src\main\AndroidManifest.xml:37:13-45
47        </activity>
48        <activity
48-->src\main\AndroidManifest.xml:39:9-42:20
49            android:name="ca.yorku.eecs.mack.Project4443.ViewCardActivity"
49-->src\main\AndroidManifest.xml:40:13-75
50            android:label="@string/app_name" >
50-->src\main\AndroidManifest.xml:41:13-45
51        </activity>
52    </application>
53
54</manifest>